<?xml version="1.0" encoding="UTF-8"?>
<!-- Generated by org.testng.reporters.JUnitReportReporter -->
<testsuite skipped="0" hostname="ASUS" name="com.tutorialninja.testsuite.TopMenuTest" tests="3" failures="0" timestamp="2022-12-14T00:03:55 GMT" time="12.212" errors="0">
  <testcase name="verifyUserShouldNavigateToDesktopsPageSuccessfully" time="4.252" classname="com.tutorialninja.testsuite.TopMenuTest"/>
  <system-out>
    <![CDATA[click on desktop link[[ChromeDriver: chrome on WINDOWS (3121670d76ee1aed5c2c1ba33fe18c97)] -> link text: Desktops]]]>
  </system-out>
  <testcase name="verifyUserShouldNavigateToComponentsPageSuccessfully" time="3.888" classname="com.tutorialninja.testsuite.TopMenuTest"/>
  <system-out>
    <![CDATA[click on components link[[ChromeDriver: chrome on WINDOWS (111c930aaef818c6fb56c81a617aed69)] -> link text: Components]
get text[[ChromeDriver: chrome on WINDOWS (111c930aaef818c6fb56c81a617aed69)] -> xpath: //h2[contains(text(),'Components')]]]]>
  </system-out>
  <testcase name="verifyUserShouldNavigateToLaptopsAndNotebooksPageSuccessfully" time="4.072" classname="com.tutorialninja.testsuite.TopMenuTest"/>
  <system-out>
    <![CDATA[click on laptop and notebook link[[ChromeDriver: chrome on WINDOWS (581ecff6df1684f83172abe1fc245659)] -> link text: Laptops & Notebooks]]]>
  </system-out>
</testsuite> <!-- com.tutorialninja.testsuite.TopMenuTest -->
